<?xml version="1.0" encoding="UTF-8"?>
<!-- Generated by org.testng.reporters.JUnitXMLReporter -->
<testsuite hostname="Roshan-VAIO" name="TestloginApp2" tests="1" failures="1" timestamp="28 Mar 2016 18:58:42 GMT" time="62.234" errors="0">
  <testcase name="LoginIntoApp2" time="52.084" classname="TestPackage.TestloginApp2">
    <failure type="java.lang.AssertionError" message="expected [Logout] but found [Logout
Pradeep Kumar Premium
MY MEMBERSHIP
My Profile
My Business
Renew Membership
MY LOCALITY GUIDE
Search Listing
MY EVENT
Enter New Event
Edit Entry
Pay
MY HISTORY
Events
Invoices
MY RESOURCES
Resources
Help
MY STORE
iCompete INBA
Contest Prep Course
LIFT-iQ
Privacy - Terms - Safety - Code of Ethics - Help - Advertising
iCompete Natural @ 2016
Use our Filter to connect with the Fitness Community most important to you! View posts from...
Global
select
Add Photos
                     Post
Roshan Singh Premium
11 hours ago
Hi this is test for social buttons

1 Fan
1 Heart
1 Comment
Fan
Love it!
Comment
Tweet
Miroslav Matovic
5 days ago
post by member from Adelaide, SA, Australia

Fan
Love it!
Comment
Tweet
Miroslav Matovic
5 days ago
It is a long established fact that a reader will be distracted by the readable content of a page when looking at its layout. The point of using Lorem Ipsum is that it has a more-or-less normal distribution of letters, as opposed to using &amp;apos;Content here, content here&amp;apos;, making it look like readable English. Many desktop publishing packages and web page editors now use Lorem Ipsum as their default model text, and a search for &amp;apos;lorem ipsum&amp;apos; will uncover many web sites still in their infancy. Various versions have evolved over the years, sometimes by accident, sometimes on purpose (injected humour and the like). t is a long established fact that a reader will be distracted by the readable content of a page when looking at its layout. The point of using Lorem Ipsum is that it has a more-or-less normal distribution of letters, as opposed to using &amp;apos;Content here, content here&amp;apos;, making it look like readable English. Many desktop publishing packages and web page editors now use Lorem Ipsum as their default model text, and a search for &amp;apos;lorem ipsum&amp;apos; will uncover many web sites still in their infancy. Various versions have evolved over the years, sometimes by accident, sometimes on purpose (injected humour and the like). t is a long established fact that a reader will be distracted by the readable content of a page when looking at its layout. The point of using Lorem Ipsum is that it has a more-or-less normal distribution of letters, as opposed to using &amp;apos;Content here, content here&amp;apos;, making it look like readable English. Many desktop publishing packages and web page editors now use Lorem Ipsum as their default model text, and a search for &amp;apos;lorem ipsum&amp;apos; will uncover many web sites still in their infancy. Various versions have evolved over the years, sometimes by accident, sometimes on purpose (injected humour and the like). t is a long established fact that a reader will be distracted by the readable content of a page when looking at its layout. The point of using Lorem Ipsum is that it has a more-or-less normal distribution of letters, as opposed to using &amp;apos;Content here, content here&amp;apos;, making it look like readable English. Many desktop publishing packages and web page editors now use Lorem Ipsum as their default model text, and a search for &amp;apos;lorem ipsum&amp;apos; will uncover many web sites still in their infancy. Various versions have evolved over the years, sometimes by accident, sometimes on purpose (injected humour and the like). t is a long established fact that a reader will be distracted by the readable content of a page when looking at its layout. The point of using Lorem Ipsum is that it has a more-or-less normal distribution of letters, as opposed to using &amp;apos;Content here, content here&amp;apos;, making it look like readable English. Many desktop publishing packages and web page editors now use Lorem Ipsum as their default model text, and a search for &amp;apos;lorem ipsum&amp;apos; will uncover many web sites still in their infancy. Various versions have evolved over the years, sometimes by accident, sometimes on purpose (injected humour and the like).

Fan
Love it!
Comment
Tweet
Miroslav Matovic
5 days ago
my picture post - edit

2 Comments
Fan
Love it!
Comment
Tweet
Miroslav Matovic
5 days ago
This is a Test Status Update V1 - IE

Fan
Love it!
Comment
Tweet
Miroslav Matovic
5 days ago
This is a Test Status Update V1 - FF

Fan
Love it!
Comment
Tweet
Miroslav Matovic
5 days ago
This is a Test Status Update V1 - Chrome

1 Fan
1 Comment
Fan
Love it!
Comment
Tweet
Ayush Singh Premium
6 days ago
Best view ever

1 Fan
2 Hearts
2 Comments
Fan
Love it!
Comment
Tweet
Mani Davies Premium
6 days ago
Wow! so this is how it looks like on my phone !

Fan
Love it!
Comment
Tweet
Manii Sarwar Premium
6 days ago
Hi-Res Picture Of Snow Leopard - Hi-Res Picture Of Snow Leopard

Fan
Love it!
Comment
Tweet
Events
problem testing
26 Mar 2016Sleeman Sports Complex
Canberra Test Event
2 Apr 2016
Darwin Physique Titles
2 Apr 2016The Darwin Entertainment Centre, 93 Mitchell St. Darwin
paypal only
16 Apr 2016
Time Check Event 2
16 Apr 2016Sydney
View all events (Step 2)
Feedback]">
      <![CDATA[java.lang.AssertionError: expected [Logout] but found [Logout
Pradeep Kumar Premium
MY MEMBERSHIP
My Profile
My Business
Renew Membership
MY LOCALITY GUIDE
Search Listing
MY EVENT
Enter New Event
Edit Entry
Pay
MY HISTORY
Events
Invoices
MY RESOURCES
Resources
Help
MY STORE
iCompete INBA
Contest Prep Course
LIFT-iQ
Privacy - Terms - Safety - Code of Ethics - Help - Advertising
iCompete Natural @ 2016
Use our Filter to connect with the Fitness Community most important to you! View posts from...
Global
select
Add Photos
                     Post
Roshan Singh Premium
11 hours ago
Hi this is test for social buttons

1 Fan
1 Heart
1 Comment
Fan
Love it!
Comment
Tweet
Miroslav Matovic
5 days ago
post by member from Adelaide, SA, Australia

Fan
Love it!
Comment
Tweet
Miroslav Matovic
5 days ago
It is a long established fact that a reader will be distracted by the readable content of a page when looking at its layout. The point of using Lorem Ipsum is that it has a more-or-less normal distribution of letters, as opposed to using 'Content here, content here', making it look like readable English. Many desktop publishing packages and web page editors now use Lorem Ipsum as their default model text, and a search for 'lorem ipsum' will uncover many web sites still in their infancy. Various versions have evolved over the years, sometimes by accident, sometimes on purpose (injected humour and the like). t is a long established fact that a reader will be distracted by the readable content of a page when looking at its layout. The point of using Lorem Ipsum is that it has a more-or-less normal distribution of letters, as opposed to using 'Content here, content here', making it look like readable English. Many desktop publishing packages and web page editors now use Lorem Ipsum as their default model text, and a search for 'lorem ipsum' will uncover many web sites still in their infancy. Various versions have evolved over the years, sometimes by accident, sometimes on purpose (injected humour and the like). t is a long established fact that a reader will be distracted by the readable content of a page when looking at its layout. The point of using Lorem Ipsum is that it has a more-or-less normal distribution of letters, as opposed to using 'Content here, content here', making it look like readable English. Many desktop publishing packages and web page editors now use Lorem Ipsum as their default model text, and a search for 'lorem ipsum' will uncover many web sites still in their infancy. Various versions have evolved over the years, sometimes by accident, sometimes on purpose (injected humour and the like). t is a long established fact that a reader will be distracted by the readable content of a page when looking at its layout. The point of using Lorem Ipsum is that it has a more-or-less normal distribution of letters, as opposed to using 'Content here, content here', making it look like readable English. Many desktop publishing packages and web page editors now use Lorem Ipsum as their default model text, and a search for 'lorem ipsum' will uncover many web sites still in their infancy. Various versions have evolved over the years, sometimes by accident, sometimes on purpose (injected humour and the like). t is a long established fact that a reader will be distracted by the readable content of a page when looking at its layout. The point of using Lorem Ipsum is that it has a more-or-less normal distribution of letters, as opposed to using 'Content here, content here', making it look like readable English. Many desktop publishing packages and web page editors now use Lorem Ipsum as their default model text, and a search for 'lorem ipsum' will uncover many web sites still in their infancy. Various versions have evolved over the years, sometimes by accident, sometimes on purpose (injected humour and the like).

Fan
Love it!
Comment
Tweet
Miroslav Matovic
5 days ago
my picture post - edit

2 Comments
Fan
Love it!
Comment
Tweet
Miroslav Matovic
5 days ago
This is a Test Status Update V1 - IE

Fan
Love it!
Comment
Tweet
Miroslav Matovic
5 days ago
This is a Test Status Update V1 - FF

Fan
Love it!
Comment
Tweet
Miroslav Matovic
5 days ago
This is a Test Status Update V1 - Chrome

1 Fan
1 Comment
Fan
Love it!
Comment
Tweet
Ayush Singh Premium
6 days ago
Best view ever

1 Fan
2 Hearts
2 Comments
Fan
Love it!
Comment
Tweet
Mani Davies Premium
6 days ago
Wow! so this is how it looks like on my phone !

Fan
Love it!
Comment
Tweet
Manii Sarwar Premium
6 days ago
Hi-Res Picture Of Snow Leopard - Hi-Res Picture Of Snow Leopard

Fan
Love it!
Comment
Tweet
Events
problem testing
26 Mar 2016Sleeman Sports Complex
Canberra Test Event
2 Apr 2016
Darwin Physique Titles
2 Apr 2016The Darwin Entertainment Centre, 93 Mitchell St. Darwin
paypal only
16 Apr 2016
Time Check Event 2
16 Apr 2016Sydney
View all events (Step 2)
Feedback]
	at TestPackage.TestloginApp2.LoginIntoApp2(TestloginApp2.java:36)
... Removed 28 stack frames]]>
    </failure>
  </testcase> <!-- LoginIntoApp2 -->
</testsuite> <!-- TestloginApp2 -->
