<html xmlns:math="http://exslt.org/math" xmlns:testng="http://testng.org">
   <head>
      <title>TestNG Results</title>
      <meta http-equiv="content-type" content="text/html; charset=utf-8"></meta>
      <meta http-equiv="pragma" content="no-cache"></meta>
      <meta http-equiv="cache-control" content="max-age=0"></meta>
      <meta http-equiv="cache-control" content="no-cache"></meta>
      <meta http-equiv="cache-control" content="no-store"></meta>
      <LINK rel="stylesheet" href="style.css"></LINK>
      <script type="text/javascript" src="main.js"></script>
   </head>
   <body>
      <table width="100%" style="font-size: 16px; margin-bottom: 10px;" cellspacing="1">
         <tr>
            <td width="100%">
               All methods in suite
               
               <b>Suite1</b>
            </td>
            <td style="background-color: #FFBBBB; padding: 3px 3px 3px 0;" align="center">
               <div style="width: 50px;">1</div>
            </td>
            <td style="background-color: lightgreen; padding: 3px 3px 3px 0;" align="center">
               <div style="width: 50px;">2</div>
            </td>
            <td style="background-color: #FFFFBB; padding: 3px 3px 3px 0;" align="center">
               <div style="width: 50px;">0</div>
            </td>
            <td align="center" style="background-color: #eaf0f7; padding: 3px 3px 3px 0;">
               <div style="width: 50px;">3</div>
            </td>
            <td align="center"
                style="font-weight: bold; background-color: #eaf0f7; padding: 3px 3px 3px 0;">
               <div style="width: 50px;">67%</div>
            </td>
            <td style="background-color: #eaf0f7; padding: 3px 3px 3px 0;" align="center"
                nowrap="true">2m
               34s
               
            </td>
         </tr>
      </table>
      <div style="width: 200px;">
         <label for="groupMethodsCheckBox" style="font-weight: bold; margin: 0;">
            <input id="groupMethodsCheckBox" type="checkbox" onclick="switchTestMethodsView(this)"></input>
            Group by class
            
         </label>
         <br></br>
         <label for="methodsFilter_ALL" style="font-weight: bold; margin: 0;">
            <input id="methodsFilter_ALL" type="checkbox"
                   onclick="testMethodsFilterChanged(this, 'ALL')"></input>
            All
            
         </label>
      </div>
      <label for="methodsFilter_FAIL" style="margin-left: 20px;">
         <input id="methodsFilter_FAIL" type="checkbox"
                onclick="testMethodsFilterChanged(this, 'FAIL')"
                checked=""></input>
         Failed
         
      </label>
      <label for="methodsFilter_PASS">
         <input id="methodsFilter_PASS" type="checkbox"
                onclick="testMethodsFilterChanged(this, 'PASS')"
                checked=""></input>
         Passed
         
      </label>
      <label for="methodsFilter_SKIP">
         <input id="methodsFilter_SKIP" type="checkbox"
                onclick="testMethodsFilterChanged(this, 'SKIP')"
                checked=""></input>
         Skipped
         
      </label>
      <label for="methodsFilter_CONF">
         <input id="methodsFilter_CONF" type="checkbox"
                onclick="testMethodsFilterChanged(this, 'CONF')"></input>
         Config
         
      </label>
      <br></br>
      <div id="testMethodsByStatus">
         <table class="testMethodsTable" cellpadding="0" cellspacing="0">
            <tr class="methodsTableHeader">
               <td width="100%">Name</td>
               <td nowrap="true">Started</td>
               <td nowrap="true">Duration</td>
               <td>Exception</td>
            </tr>
            <tr id="TestPackage.TestloginApp2_LoginIntoApp2_byStatus_failed_FAIL1_row"
                class="testMethodStatusFAIL">
               <td width="100%" class="firstMethodCell">
                  <a onclick="toggleDetailsVisibility('TestPackage.TestloginApp2_LoginIntoApp2_byStatus_failed_FAIL1_details')">LoginIntoApp2()</a>
               </td>
               <td nowrap="true">23:21:27</td>
               <td nowrap="true" align="right">51s
                  
               </td>
               <td nowrap="true">
                  <a onclick="toggleDetailsVisibility('TestPackage.TestloginApp2_LoginIntoApp2_byStatus_failed_FAIL1_exception')">java.lang.AssertionError: 
                     expected [Logout] but found [Logout
                     Pradeep Kumar Premium
                     MY MEMBERSHIP
                     My Profile
                     My Business
                     Renew Membership
                     MY LOCALITY GUIDE
                     Search Listing
                     MY EVENT
                     Enter New Event
                     Edit Entry
                     Pay
                     MY HISTORY
                     Events
                     Invoices
                     MY RESOURCES
                     Resources
                     Help
                     MY STORE
                     iCompete INBA
                     Contest Prep Course
                     LIFT-iQ
                     Privacy - Terms - Safety - Code of Ethics - Help - Advertising
                     iCompete Natural @ 2016
                     Use our Filter to connect with the Fitness Community most important to you! View posts from...
                     Global
                     select
                     Add Photos
                     Post
                     new5 user
                     4 hours ago
                     my fail post5
                     
                     1 Comment
                     Fan
                     Love it!
                     Comment
                     Pradeep Kumar Premium
                     a day ago
                     
                     1 Fan
                     1 Comment
                     Fan
                     Love it!
                     Comment
                     Pradeep Kumar Premium
                     a day ago
                     Testing text post
                     
                     1 Heart
                     Fan
                     Love it!
                     Comment
                     Pradeep Kumar Premium
                     a day ago
                     Boys Posing
                     
                     1 Heart
                     Fan
                     Love it!
                     Comment
                     Ayush Singh
                     a day ago
                     Image Click by Ayush
                     
                     Fan
                     Love it!
                     Comment
                     Pradeep Kumar Premium
                     a day ago
                     This is only testing
                     
                     1 Fan
                     1 Heart
                     Fan
                     Love it!
                     Comment
                     Pradeep Kumar Premium
                     a day ago
                     
                     1 Comment
                     Fan
                     Love it!
                     Comment
                     Michael davies
                     6 days ago
                     https://www.facebook.com/Filmygyan7/photos/a.472827909481640.1073741825.334718749959224/1047459755351783/?type=3&amp;theater
                     
                     2 Fans
                     Fan
                     Love it!
                     Comment
                     Imran Kiyani Premium
                     6 days ago
                     https://www.facebook.com/Filmygyan7/photos/a.472827909481640.1073741825.334718749959224/1047459755351783/?type=3&amp;theater
                     
                     Fan
                     Love it!
                     Comment
                     Imran Kiyani Premium
                     6 days ago
                     test
                     
                     Fan
                     Love it!
                     Comment
                     Events
                     Darwin Physique Titles
                     2 Apr 2016Darwin Entertainment CentreNT, Australia
                     problem testing
                     15 May 2016Sleeman Sports Complex
                     time test
                     13 Dec 2016
                     Test Event Three
                     15 Dec 2016Testing Grounds
                     Payment Options 2
                     26 Dec 2016
                     View all events (Step 2)
                     Feedback]
                     
                  </a>
                   
                  
               </td>
            </tr>
            <tr>
               <td colspan="4" class="detailsBox">
                  <div id="TestPackage.TestloginApp2_LoginIntoApp2_byStatus_failed_FAIL1_details"
                       class="testMethodDetails">
                     <div>
                        <b>Name: </b>LoginIntoApp2
                     </div>
                     <div>
                        <b>Signature: </b>LoginIntoApp2()[pri:0, instance:TestPackage.TestloginApp2@1517225f]
                     </div>
                     <div>
                        <b>Start time: </b>23:21:27
                     </div>
                     <div>
                        <b>End time: </b>23:22:18
                     </div>
                     <div>
                        <b>Duration: </b>51s
                        
                     </div>
                  </div>
               </td>
            </tr>
            <tr>
               <td colspan="4" class="detailsBox">
                  <div id="TestPackage.TestloginApp2_LoginIntoApp2_byStatus_failed_FAIL1_exception"
                       class="testMethodDetails">
                     <pre style="padding: 5px; margin: 0;">java.lang.AssertionError: expected [Logout] but found [Logout
                        Pradeep Kumar Premium
                        MY MEMBERSHIP
                        My Profile
                        My Business
                        Renew Membership
                        MY LOCALITY GUIDE
                        Search Listing
                        MY EVENT
                        Enter New Event
                        Edit Entry
                        Pay
                        MY HISTORY
                        Events
                        Invoices
                        MY RESOURCES
                        Resources
                        Help
                        MY STORE
                        iCompete INBA
                        Contest Prep Course
                        LIFT-iQ
                        Privacy - Terms - Safety - Code of Ethics - Help - Advertising
                        iCompete Natural @ 2016
                        Use our Filter to connect with the Fitness Community most important to you! View posts from...
                        Global
                        select
                        Add Photos
                        Post
                        new5 user
                        4 hours ago
                        my fail post5
                        
                        1 Comment
                        Fan
                        Love it!
                        Comment
                        Pradeep Kumar Premium
                        a day ago
                        
                        1 Fan
                        1 Comment
                        Fan
                        Love it!
                        Comment
                        Pradeep Kumar Premium
                        a day ago
                        Testing text post
                        
                        1 Heart
                        Fan
                        Love it!
                        Comment
                        Pradeep Kumar Premium
                        a day ago
                        Boys Posing
                        
                        1 Heart
                        Fan
                        Love it!
                        Comment
                        Ayush Singh
                        a day ago
                        Image Click by Ayush
                        
                        Fan
                        Love it!
                        Comment
                        Pradeep Kumar Premium
                        a day ago
                        This is only testing
                        
                        1 Fan
                        1 Heart
                        Fan
                        Love it!
                        Comment
                        Pradeep Kumar Premium
                        a day ago
                        
                        1 Comment
                        Fan
                        Love it!
                        Comment
                        Michael davies
                        6 days ago
                        https://www.facebook.com/Filmygyan7/photos/a.472827909481640.1073741825.334718749959224/1047459755351783/?type=3&amp;theater
                        
                        2 Fans
                        Fan
                        Love it!
                        Comment
                        Imran Kiyani Premium
                        6 days ago
                        https://www.facebook.com/Filmygyan7/photos/a.472827909481640.1073741825.334718749959224/1047459755351783/?type=3&amp;theater
                        
                        Fan
                        Love it!
                        Comment
                        Imran Kiyani Premium
                        6 days ago
                        test
                        
                        Fan
                        Love it!
                        Comment
                        Events
                        Darwin Physique Titles
                        2 Apr 2016Darwin Entertainment CentreNT, Australia
                        problem testing
                        15 May 2016Sleeman Sports Complex
                        time test
                        13 Dec 2016
                        Test Event Three
                        15 Dec 2016Testing Grounds
                        Payment Options 2
                        26 Dec 2016
                        View all events (Step 2)
                        Feedback]
                        	at org.testng.Assert.fail(Assert.java:94)
                        	at org.testng.Assert.failNotEquals(Assert.java:494)
                        	at org.testng.Assert.assertEquals(Assert.java:123)
                        	at org.testng.Assert.assertEquals(Assert.java:176)
                        	at org.testng.Assert.assertEquals(Assert.java:186)
                        	at TestPackage.TestloginApp2.LoginIntoApp2(TestloginApp2.java:36)
                        	at sun.reflect.NativeMethodAccessorImpl.invoke0(Native Method)
                        	at sun.reflect.NativeMethodAccessorImpl.invoke(Unknown Source)
                        	at sun.reflect.DelegatingMethodAccessorImpl.invoke(Unknown Source)
                        	at java.lang.reflect.Method.invoke(Unknown Source)
                        	at org.testng.internal.MethodInvocationHelper.invokeMethod(MethodInvocationHelper.java:84)
                        	at org.testng.internal.Invoker.invokeMethod(Invoker.java:714)
                        	at org.testng.internal.Invoker.invokeTestMethod(Invoker.java:901)
                        	at org.testng.internal.Invoker.invokeTestMethods(Invoker.java:1231)
                        	at org.testng.internal.TestMethodWorker.invokeTestMethods(TestMethodWorker.java:127)
                        	at org.testng.internal.TestMethodWorker.run(TestMethodWorker.java:111)
                        	at org.testng.TestRunner.privateRun(TestRunner.java:767)
                        	at org.testng.TestRunner.run(TestRunner.java:617)
                        	at org.testng.SuiteRunner.runTest(SuiteRunner.java:334)
                        	at org.testng.SuiteRunner.runSequentially(SuiteRunner.java:329)
                        	at org.testng.SuiteRunner.privateRun(SuiteRunner.java:291)
                        	at org.testng.SuiteRunner.run(SuiteRunner.java:240)
                        	at org.testng.SuiteRunnerWorker.runSuite(SuiteRunnerWorker.java:52)
                        	at org.testng.SuiteRunnerWorker.run(SuiteRunnerWorker.java:86)
                        	at org.testng.TestNG.runSuitesSequentially(TestNG.java:1224)
                        	at org.testng.TestNG.runSuitesLocally(TestNG.java:1149)
                        	at org.testng.TestNG.run(TestNG.java:1057)
                        	at org.testng.TestNG.privateMain(TestNG.java:1364)
                        	at org.testng.TestNG.main(TestNG.java:1333)
                     </pre>
                  </div>
               </td>
            </tr>
            <tr id="TestPackage.TestLoginapp_beforeTest_byStatus_passed_PASS1_row"
                class="testMethodStatusPASS testMethodStatusCONF">
               <td width="100%" class="firstMethodCell">
                  <a onclick="toggleDetailsVisibility('TestPackage.TestLoginapp_beforeTest_byStatus_passed_PASS1_details')">beforeTest()</a>
               </td>
               <td nowrap="true">23:19:45</td>
               <td nowrap="true" align="right">9s
                  
               </td>
               <td nowrap="true">
                   
                  
               </td>
            </tr>
            <tr>
               <td colspan="4" class="detailsBox">
                  <div id="TestPackage.TestLoginapp_beforeTest_byStatus_passed_PASS1_details"
                       class="testMethodDetails">
                     <div>
                        <b>Name: </b>beforeTest
                     </div>
                     <div>
                        <b>Signature: </b>beforeTest()[pri:0, instance:TestPackage.TestLoginapp@11e19edb]
                     </div>
                     <div>
                        <b>Start time: </b>23:19:45
                     </div>
                     <div>
                        <b>End time: </b>23:19:55
                     </div>
                     <div>
                        <b>Duration: </b>9s
                        
                     </div>
                  </div>
               </td>
            </tr>
            <tr></tr>
            <tr id="TestPackage.TestLoginapp_LoginIntoApp_byStatus_passed_PASS2_row"
                class="testMethodStatusPASS">
               <td width="100%" class="firstMethodCell">
                  <a onclick="toggleDetailsVisibility('TestPackage.TestLoginapp_LoginIntoApp_byStatus_passed_PASS2_details')">LoginIntoApp()</a>
               </td>
               <td nowrap="true">23:19:55</td>
               <td nowrap="true" align="right">42s
                  
               </td>
               <td nowrap="true">
                   
                  
               </td>
            </tr>
            <tr>
               <td colspan="4" class="detailsBox">
                  <div id="TestPackage.TestLoginapp_LoginIntoApp_byStatus_passed_PASS2_details"
                       class="testMethodDetails">
                     <div>
                        <b>Name: </b>LoginIntoApp
                     </div>
                     <div>
                        <b>Signature: </b>LoginIntoApp()[pri:0, instance:TestPackage.TestLoginapp@11e19edb]
                     </div>
                     <div>
                        <b>Start time: </b>23:19:55
                     </div>
                     <div>
                        <b>End time: </b>23:20:37
                     </div>
                     <div>
                        <b>Duration: </b>42s
                        
                     </div>
                  </div>
               </td>
            </tr>
            <tr></tr>
            <tr id="TestPackage.TestLoginapp_afterTest_byStatus_passed_PASS3_row"
                class="testMethodStatusPASS testMethodStatusCONF">
               <td width="100%" class="firstMethodCell">
                  <a onclick="toggleDetailsVisibility('TestPackage.TestLoginapp_afterTest_byStatus_passed_PASS3_details')">afterTest()</a>
               </td>
               <td nowrap="true">23:20:37</td>
               <td nowrap="true" align="right">1s
                  
               </td>
               <td nowrap="true">
                   
                  
               </td>
            </tr>
            <tr>
               <td colspan="4" class="detailsBox">
                  <div id="TestPackage.TestLoginapp_afterTest_byStatus_passed_PASS3_details"
                       class="testMethodDetails">
                     <div>
                        <b>Name: </b>afterTest
                     </div>
                     <div>
                        <b>Signature: </b>afterTest()[pri:0, instance:TestPackage.TestLoginapp@11e19edb]
                     </div>
                     <div>
                        <b>Start time: </b>23:20:37
                     </div>
                     <div>
                        <b>End time: </b>23:20:38
                     </div>
                     <div>
                        <b>Duration: </b>1s
                        
                     </div>
                  </div>
               </td>
            </tr>
            <tr></tr>
            <tr id="TestPackage.TestLoginapp1_beforeTest_byStatus_passed_PASS4_row"
                class="testMethodStatusPASS testMethodStatusCONF">
               <td width="100%" class="firstMethodCell">
                  <a onclick="toggleDetailsVisibility('TestPackage.TestLoginapp1_beforeTest_byStatus_passed_PASS4_details')">beforeTest()</a>
               </td>
               <td nowrap="true">23:20:38</td>
               <td nowrap="true" align="right">7s
                  
               </td>
               <td nowrap="true">
                   
                  
               </td>
            </tr>
            <tr>
               <td colspan="4" class="detailsBox">
                  <div id="TestPackage.TestLoginapp1_beforeTest_byStatus_passed_PASS4_details"
                       class="testMethodDetails">
                     <div>
                        <b>Name: </b>beforeTest
                     </div>
                     <div>
                        <b>Signature: </b>beforeTest()[pri:0, instance:TestPackage.TestLoginapp1@4541139c]
                     </div>
                     <div>
                        <b>Start time: </b>23:20:38
                     </div>
                     <div>
                        <b>End time: </b>23:20:46
                     </div>
                     <div>
                        <b>Duration: </b>7s
                        
                     </div>
                  </div>
               </td>
            </tr>
            <tr></tr>
            <tr id="TestPackage.TestLoginapp1_LoginIntoApp1_byStatus_passed_PASS5_row"
                class="testMethodStatusPASS">
               <td width="100%" class="firstMethodCell">
                  <a onclick="toggleDetailsVisibility('TestPackage.TestLoginapp1_LoginIntoApp1_byStatus_passed_PASS5_details')">LoginIntoApp1()</a>
               </td>
               <td nowrap="true">23:20:46</td>
               <td nowrap="true" align="right">30s
                  
               </td>
               <td nowrap="true">
                   
                  
               </td>
            </tr>
            <tr>
               <td colspan="4" class="detailsBox">
                  <div id="TestPackage.TestLoginapp1_LoginIntoApp1_byStatus_passed_PASS5_details"
                       class="testMethodDetails">
                     <div>
                        <b>Name: </b>LoginIntoApp1
                     </div>
                     <div>
                        <b>Signature: </b>LoginIntoApp1()[pri:0, instance:TestPackage.TestLoginapp1@4541139c]
                     </div>
                     <div>
                        <b>Start time: </b>23:20:46
                     </div>
                     <div>
                        <b>End time: </b>23:21:17
                     </div>
                     <div>
                        <b>Duration: </b>30s
                        
                     </div>
                  </div>
               </td>
            </tr>
            <tr></tr>
            <tr id="TestPackage.TestLoginapp1_afterTest_byStatus_passed_PASS6_row"
                class="testMethodStatusPASS testMethodStatusCONF">
               <td width="100%" class="firstMethodCell">
                  <a onclick="toggleDetailsVisibility('TestPackage.TestLoginapp1_afterTest_byStatus_passed_PASS6_details')">afterTest()</a>
               </td>
               <td nowrap="true">23:21:17</td>
               <td nowrap="true" align="right">1s
                  
               </td>
               <td nowrap="true">
                   
                  
               </td>
            </tr>
            <tr>
               <td colspan="4" class="detailsBox">
                  <div id="TestPackage.TestLoginapp1_afterTest_byStatus_passed_PASS6_details"
                       class="testMethodDetails">
                     <div>
                        <b>Name: </b>afterTest
                     </div>
                     <div>
                        <b>Signature: </b>afterTest()[pri:0, instance:TestPackage.TestLoginapp1@4541139c]
                     </div>
                     <div>
                        <b>Start time: </b>23:21:17
                     </div>
                     <div>
                        <b>End time: </b>23:21:19
                     </div>
                     <div>
                        <b>Duration: </b>1s
                        
                     </div>
                  </div>
               </td>
            </tr>
            <tr></tr>
            <tr id="TestPackage.TestloginApp2_beforeTest_byStatus_passed_PASS7_row"
                class="testMethodStatusPASS testMethodStatusCONF">
               <td width="100%" class="firstMethodCell">
                  <a onclick="toggleDetailsVisibility('TestPackage.TestloginApp2_beforeTest_byStatus_passed_PASS7_details')">beforeTest()</a>
               </td>
               <td nowrap="true">23:21:19</td>
               <td nowrap="true" align="right">7s
                  
               </td>
               <td nowrap="true">
                   
                  
               </td>
            </tr>
            <tr>
               <td colspan="4" class="detailsBox">
                  <div id="TestPackage.TestloginApp2_beforeTest_byStatus_passed_PASS7_details"
                       class="testMethodDetails">
                     <div>
                        <b>Name: </b>beforeTest
                     </div>
                     <div>
                        <b>Signature: </b>beforeTest()[pri:0, instance:TestPackage.TestloginApp2@1517225f]
                     </div>
                     <div>
                        <b>Start time: </b>23:21:19
                     </div>
                     <div>
                        <b>End time: </b>23:21:27
                     </div>
                     <div>
                        <b>Duration: </b>7s
                        
                     </div>
                  </div>
               </td>
            </tr>
            <tr></tr>
            <tr id="TestPackage.TestloginApp2_afterTest_byStatus_passed_PASS8_row"
                class="testMethodStatusPASS testMethodStatusCONF">
               <td width="100%" class="firstMethodCell">
                  <a onclick="toggleDetailsVisibility('TestPackage.TestloginApp2_afterTest_byStatus_passed_PASS8_details')">afterTest()</a>
               </td>
               <td nowrap="true">23:22:18</td>
               <td nowrap="true" align="right">1s
                  
               </td>
               <td nowrap="true">
                   
                  
               </td>
            </tr>
            <tr>
               <td colspan="4" class="detailsBox">
                  <div id="TestPackage.TestloginApp2_afterTest_byStatus_passed_PASS8_details"
                       class="testMethodDetails">
                     <div>
                        <b>Name: </b>afterTest
                     </div>
                     <div>
                        <b>Signature: </b>afterTest()[pri:0, instance:TestPackage.TestloginApp2@1517225f]
                     </div>
                     <div>
                        <b>Start time: </b>23:22:18
                     </div>
                     <div>
                        <b>End time: </b>23:22:19
                     </div>
                     <div>
                        <b>Duration: </b>1s
                        
                     </div>
                  </div>
               </td>
            </tr>
            <tr></tr>
         </table>
      </div>
      <div id="testMethodsByClass" style="display: none;">
         <table class="testMethodsTable" cellpadding="0" cellspacing="0">
            <tr>
               <td colspan="4">
                  <h3 style="display: inline;">TestPackage.TestLoginapp</h3>
               </td>
            </tr>
            <tr class="methodsTableHeader">
               <td width="100%">Name</td>
               <td nowrap="true">Started</td>
               <td nowrap="true">Duration</td>
               <td>Exception</td>
            </tr>
            <tr id="TestPackage.TestLoginapp_beforeTest_byClass_PASS1_row"
                class="testMethodStatusPASS testMethodStatusCONF">
               <td width="100%" class="firstMethodCell">
                  <a onclick="toggleDetailsVisibility('TestPackage.TestLoginapp_beforeTest_byClass_PASS1_details')">beforeTest()</a>
               </td>
               <td nowrap="true">23:19:45</td>
               <td nowrap="true" align="right">9s
                  
               </td>
               <td nowrap="true">
                   
                  
               </td>
            </tr>
            <tr>
               <td colspan="4" class="detailsBox">
                  <div id="TestPackage.TestLoginapp_beforeTest_byClass_PASS1_details"
                       class="testMethodDetails">
                     <div>
                        <b>Name: </b>beforeTest
                     </div>
                     <div>
                        <b>Signature: </b>beforeTest()[pri:0, instance:TestPackage.TestLoginapp@11e19edb]
                     </div>
                     <div>
                        <b>Start time: </b>23:19:45
                     </div>
                     <div>
                        <b>End time: </b>23:19:55
                     </div>
                     <div>
                        <b>Duration: </b>9s
                        
                     </div>
                  </div>
               </td>
            </tr>
            <tr></tr>
            <tr id="TestPackage.TestLoginapp_LoginIntoApp_byClass_PASS2_row"
                class="testMethodStatusPASS">
               <td width="100%" class="firstMethodCell">
                  <a onclick="toggleDetailsVisibility('TestPackage.TestLoginapp_LoginIntoApp_byClass_PASS2_details')">LoginIntoApp()</a>
               </td>
               <td nowrap="true">23:19:55</td>
               <td nowrap="true" align="right">42s
                  
               </td>
               <td nowrap="true">
                   
                  
               </td>
            </tr>
            <tr>
               <td colspan="4" class="detailsBox">
                  <div id="TestPackage.TestLoginapp_LoginIntoApp_byClass_PASS2_details"
                       class="testMethodDetails">
                     <div>
                        <b>Name: </b>LoginIntoApp
                     </div>
                     <div>
                        <b>Signature: </b>LoginIntoApp()[pri:0, instance:TestPackage.TestLoginapp@11e19edb]
                     </div>
                     <div>
                        <b>Start time: </b>23:19:55
                     </div>
                     <div>
                        <b>End time: </b>23:20:37
                     </div>
                     <div>
                        <b>Duration: </b>42s
                        
                     </div>
                  </div>
               </td>
            </tr>
            <tr></tr>
            <tr id="TestPackage.TestLoginapp_afterTest_byClass_PASS3_row"
                class="testMethodStatusPASS testMethodStatusCONF">
               <td width="100%" class="firstMethodCell">
                  <a onclick="toggleDetailsVisibility('TestPackage.TestLoginapp_afterTest_byClass_PASS3_details')">afterTest()</a>
               </td>
               <td nowrap="true">23:20:37</td>
               <td nowrap="true" align="right">1s
                  
               </td>
               <td nowrap="true">
                   
                  
               </td>
            </tr>
            <tr>
               <td colspan="4" class="detailsBox">
                  <div id="TestPackage.TestLoginapp_afterTest_byClass_PASS3_details"
                       class="testMethodDetails">
                     <div>
                        <b>Name: </b>afterTest
                     </div>
                     <div>
                        <b>Signature: </b>afterTest()[pri:0, instance:TestPackage.TestLoginapp@11e19edb]
                     </div>
                     <div>
                        <b>Start time: </b>23:20:37
                     </div>
                     <div>
                        <b>End time: </b>23:20:38
                     </div>
                     <div>
                        <b>Duration: </b>1s
                        
                     </div>
                  </div>
               </td>
            </tr>
            <tr></tr>
         </table>
         <br></br>
         <table class="testMethodsTable" cellpadding="0" cellspacing="0">
            <tr>
               <td colspan="4">
                  <h3 style="display: inline;">TestPackage.TestLoginapp1</h3>
               </td>
            </tr>
            <tr class="methodsTableHeader">
               <td width="100%">Name</td>
               <td nowrap="true">Started</td>
               <td nowrap="true">Duration</td>
               <td>Exception</td>
            </tr>
            <tr id="TestPackage.TestLoginapp1_beforeTest_byClass_PASS1_row"
                class="testMethodStatusPASS testMethodStatusCONF">
               <td width="100%" class="firstMethodCell">
                  <a onclick="toggleDetailsVisibility('TestPackage.TestLoginapp1_beforeTest_byClass_PASS1_details')">beforeTest()</a>
               </td>
               <td nowrap="true">23:20:38</td>
               <td nowrap="true" align="right">7s
                  
               </td>
               <td nowrap="true">
                   
                  
               </td>
            </tr>
            <tr>
               <td colspan="4" class="detailsBox">
                  <div id="TestPackage.TestLoginapp1_beforeTest_byClass_PASS1_details"
                       class="testMethodDetails">
                     <div>
                        <b>Name: </b>beforeTest
                     </div>
                     <div>
                        <b>Signature: </b>beforeTest()[pri:0, instance:TestPackage.TestLoginapp1@4541139c]
                     </div>
                     <div>
                        <b>Start time: </b>23:20:38
                     </div>
                     <div>
                        <b>End time: </b>23:20:46
                     </div>
                     <div>
                        <b>Duration: </b>7s
                        
                     </div>
                  </div>
               </td>
            </tr>
            <tr></tr>
            <tr id="TestPackage.TestLoginapp1_LoginIntoApp1_byClass_PASS2_row"
                class="testMethodStatusPASS">
               <td width="100%" class="firstMethodCell">
                  <a onclick="toggleDetailsVisibility('TestPackage.TestLoginapp1_LoginIntoApp1_byClass_PASS2_details')">LoginIntoApp1()</a>
               </td>
               <td nowrap="true">23:20:46</td>
               <td nowrap="true" align="right">30s
                  
               </td>
               <td nowrap="true">
                   
                  
               </td>
            </tr>
            <tr>
               <td colspan="4" class="detailsBox">
                  <div id="TestPackage.TestLoginapp1_LoginIntoApp1_byClass_PASS2_details"
                       class="testMethodDetails">
                     <div>
                        <b>Name: </b>LoginIntoApp1
                     </div>
                     <div>
                        <b>Signature: </b>LoginIntoApp1()[pri:0, instance:TestPackage.TestLoginapp1@4541139c]
                     </div>
                     <div>
                        <b>Start time: </b>23:20:46
                     </div>
                     <div>
                        <b>End time: </b>23:21:17
                     </div>
                     <div>
                        <b>Duration: </b>30s
                        
                     </div>
                  </div>
               </td>
            </tr>
            <tr></tr>
            <tr id="TestPackage.TestLoginapp1_afterTest_byClass_PASS3_row"
                class="testMethodStatusPASS testMethodStatusCONF">
               <td width="100%" class="firstMethodCell">
                  <a onclick="toggleDetailsVisibility('TestPackage.TestLoginapp1_afterTest_byClass_PASS3_details')">afterTest()</a>
               </td>
               <td nowrap="true">23:21:17</td>
               <td nowrap="true" align="right">1s
                  
               </td>
               <td nowrap="true">
                   
                  
               </td>
            </tr>
            <tr>
               <td colspan="4" class="detailsBox">
                  <div id="TestPackage.TestLoginapp1_afterTest_byClass_PASS3_details"
                       class="testMethodDetails">
                     <div>
                        <b>Name: </b>afterTest
                     </div>
                     <div>
                        <b>Signature: </b>afterTest()[pri:0, instance:TestPackage.TestLoginapp1@4541139c]
                     </div>
                     <div>
                        <b>Start time: </b>23:21:17
                     </div>
                     <div>
                        <b>End time: </b>23:21:19
                     </div>
                     <div>
                        <b>Duration: </b>1s
                        
                     </div>
                  </div>
               </td>
            </tr>
            <tr></tr>
         </table>
         <br></br>
         <table class="testMethodsTable" cellpadding="0" cellspacing="0">
            <tr>
               <td colspan="4">
                  <h3 style="display: inline;">TestPackage.TestloginApp2</h3>
               </td>
            </tr>
            <tr class="methodsTableHeader">
               <td width="100%">Name</td>
               <td nowrap="true">Started</td>
               <td nowrap="true">Duration</td>
               <td>Exception</td>
            </tr>
            <tr id="TestPackage.TestloginApp2_beforeTest_byClass_PASS1_row"
                class="testMethodStatusPASS testMethodStatusCONF">
               <td width="100%" class="firstMethodCell">
                  <a onclick="toggleDetailsVisibility('TestPackage.TestloginApp2_beforeTest_byClass_PASS1_details')">beforeTest()</a>
               </td>
               <td nowrap="true">23:21:19</td>
               <td nowrap="true" align="right">7s
                  
               </td>
               <td nowrap="true">
                   
                  
               </td>
            </tr>
            <tr>
               <td colspan="4" class="detailsBox">
                  <div id="TestPackage.TestloginApp2_beforeTest_byClass_PASS1_details"
                       class="testMethodDetails">
                     <div>
                        <b>Name: </b>beforeTest
                     </div>
                     <div>
                        <b>Signature: </b>beforeTest()[pri:0, instance:TestPackage.TestloginApp2@1517225f]
                     </div>
                     <div>
                        <b>Start time: </b>23:21:19
                     </div>
                     <div>
                        <b>End time: </b>23:21:27
                     </div>
                     <div>
                        <b>Duration: </b>7s
                        
                     </div>
                  </div>
               </td>
            </tr>
            <tr></tr>
            <tr id="TestPackage.TestloginApp2_LoginIntoApp2_byClass_FAIL2_row"
                class="testMethodStatusFAIL">
               <td width="100%" class="firstMethodCell">
                  <a onclick="toggleDetailsVisibility('TestPackage.TestloginApp2_LoginIntoApp2_byClass_FAIL2_details')">LoginIntoApp2()</a>
               </td>
               <td nowrap="true">23:21:27</td>
               <td nowrap="true" align="right">51s
                  
               </td>
               <td nowrap="true">
                  <a onclick="toggleDetailsVisibility('TestPackage.TestloginApp2_LoginIntoApp2_byClass_FAIL2_exception')">java.lang.AssertionError: 
                     expected [Logout] but found [Logout
                     Pradeep Kumar Premium
                     MY MEMBERSHIP
                     My Profile
                     My Business
                     Renew Membership
                     MY LOCALITY GUIDE
                     Search Listing
                     MY EVENT
                     Enter New Event
                     Edit Entry
                     Pay
                     MY HISTORY
                     Events
                     Invoices
                     MY RESOURCES
                     Resources
                     Help
                     MY STORE
                     iCompete INBA
                     Contest Prep Course
                     LIFT-iQ
                     Privacy - Terms - Safety - Code of Ethics - Help - Advertising
                     iCompete Natural @ 2016
                     Use our Filter to connect with the Fitness Community most important to you! View posts from...
                     Global
                     select
                     Add Photos
                     Post
                     new5 user
                     4 hours ago
                     my fail post5
                     
                     1 Comment
                     Fan
                     Love it!
                     Comment
                     Pradeep Kumar Premium
                     a day ago
                     
                     1 Fan
                     1 Comment
                     Fan
                     Love it!
                     Comment
                     Pradeep Kumar Premium
                     a day ago
                     Testing text post
                     
                     1 Heart
                     Fan
                     Love it!
                     Comment
                     Pradeep Kumar Premium
                     a day ago
                     Boys Posing
                     
                     1 Heart
                     Fan
                     Love it!
                     Comment
                     Ayush Singh
                     a day ago
                     Image Click by Ayush
                     
                     Fan
                     Love it!
                     Comment
                     Pradeep Kumar Premium
                     a day ago
                     This is only testing
                     
                     1 Fan
                     1 Heart
                     Fan
                     Love it!
                     Comment
                     Pradeep Kumar Premium
                     a day ago
                     
                     1 Comment
                     Fan
                     Love it!
                     Comment
                     Michael davies
                     6 days ago
                     https://www.facebook.com/Filmygyan7/photos/a.472827909481640.1073741825.334718749959224/1047459755351783/?type=3&amp;theater
                     
                     2 Fans
                     Fan
                     Love it!
                     Comment
                     Imran Kiyani Premium
                     6 days ago
                     https://www.facebook.com/Filmygyan7/photos/a.472827909481640.1073741825.334718749959224/1047459755351783/?type=3&amp;theater
                     
                     Fan
                     Love it!
                     Comment
                     Imran Kiyani Premium
                     6 days ago
                     test
                     
                     Fan
                     Love it!
                     Comment
                     Events
                     Darwin Physique Titles
                     2 Apr 2016Darwin Entertainment CentreNT, Australia
                     problem testing
                     15 May 2016Sleeman Sports Complex
                     time test
                     13 Dec 2016
                     Test Event Three
                     15 Dec 2016Testing Grounds
                     Payment Options 2
                     26 Dec 2016
                     View all events (Step 2)
                     Feedback]
                     
                  </a>
                   
                  
               </td>
            </tr>
            <tr>
               <td colspan="4" class="detailsBox">
                  <div id="TestPackage.TestloginApp2_LoginIntoApp2_byClass_FAIL2_details"
                       class="testMethodDetails">
                     <div>
                        <b>Name: </b>LoginIntoApp2
                     </div>
                     <div>
                        <b>Signature: </b>LoginIntoApp2()[pri:0, instance:TestPackage.TestloginApp2@1517225f]
                     </div>
                     <div>
                        <b>Start time: </b>23:21:27
                     </div>
                     <div>
                        <b>End time: </b>23:22:18
                     </div>
                     <div>
                        <b>Duration: </b>51s
                        
                     </div>
                  </div>
               </td>
            </tr>
            <tr>
               <td colspan="4" class="detailsBox">
                  <div id="TestPackage.TestloginApp2_LoginIntoApp2_byClass_FAIL2_exception"
                       class="testMethodDetails">
                     <pre style="padding: 5px; margin: 0;">java.lang.AssertionError: expected [Logout] but found [Logout
                        Pradeep Kumar Premium
                        MY MEMBERSHIP
                        My Profile
                        My Business
                        Renew Membership
                        MY LOCALITY GUIDE
                        Search Listing
                        MY EVENT
                        Enter New Event
                        Edit Entry
                        Pay
                        MY HISTORY
                        Events
                        Invoices
                        MY RESOURCES
                        Resources
                        Help
                        MY STORE
                        iCompete INBA
                        Contest Prep Course
                        LIFT-iQ
                        Privacy - Terms - Safety - Code of Ethics - Help - Advertising
                        iCompete Natural @ 2016
                        Use our Filter to connect with the Fitness Community most important to you! View posts from...
                        Global
                        select
                        Add Photos
                        Post
                        new5 user
                        4 hours ago
                        my fail post5
                        
                        1 Comment
                        Fan
                        Love it!
                        Comment
                        Pradeep Kumar Premium
                        a day ago
                        
                        1 Fan
                        1 Comment
                        Fan
                        Love it!
                        Comment
                        Pradeep Kumar Premium
                        a day ago
                        Testing text post
                        
                        1 Heart
                        Fan
                        Love it!
                        Comment
                        Pradeep Kumar Premium
                        a day ago
                        Boys Posing
                        
                        1 Heart
                        Fan
                        Love it!
                        Comment
                        Ayush Singh
                        a day ago
                        Image Click by Ayush
                        
                        Fan
                        Love it!
                        Comment
                        Pradeep Kumar Premium
                        a day ago
                        This is only testing
                        
                        1 Fan
                        1 Heart
                        Fan
                        Love it!
                        Comment
                        Pradeep Kumar Premium
                        a day ago
                        
                        1 Comment
                        Fan
                        Love it!
                        Comment
                        Michael davies
                        6 days ago
                        https://www.facebook.com/Filmygyan7/photos/a.472827909481640.1073741825.334718749959224/1047459755351783/?type=3&amp;theater
                        
                        2 Fans
                        Fan
                        Love it!
                        Comment
                        Imran Kiyani Premium
                        6 days ago
                        https://www.facebook.com/Filmygyan7/photos/a.472827909481640.1073741825.334718749959224/1047459755351783/?type=3&amp;theater
                        
                        Fan
                        Love it!
                        Comment
                        Imran Kiyani Premium
                        6 days ago
                        test
                        
                        Fan
                        Love it!
                        Comment
                        Events
                        Darwin Physique Titles
                        2 Apr 2016Darwin Entertainment CentreNT, Australia
                        problem testing
                        15 May 2016Sleeman Sports Complex
                        time test
                        13 Dec 2016
                        Test Event Three
                        15 Dec 2016Testing Grounds
                        Payment Options 2
                        26 Dec 2016
                        View all events (Step 2)
                        Feedback]
                        	at org.testng.Assert.fail(Assert.java:94)
                        	at org.testng.Assert.failNotEquals(Assert.java:494)
                        	at org.testng.Assert.assertEquals(Assert.java:123)
                        	at org.testng.Assert.assertEquals(Assert.java:176)
                        	at org.testng.Assert.assertEquals(Assert.java:186)
                        	at TestPackage.TestloginApp2.LoginIntoApp2(TestloginApp2.java:36)
                        	at sun.reflect.NativeMethodAccessorImpl.invoke0(Native Method)
                        	at sun.reflect.NativeMethodAccessorImpl.invoke(Unknown Source)
                        	at sun.reflect.DelegatingMethodAccessorImpl.invoke(Unknown Source)
                        	at java.lang.reflect.Method.invoke(Unknown Source)
                        	at org.testng.internal.MethodInvocationHelper.invokeMethod(MethodInvocationHelper.java:84)
                        	at org.testng.internal.Invoker.invokeMethod(Invoker.java:714)
                        	at org.testng.internal.Invoker.invokeTestMethod(Invoker.java:901)
                        	at org.testng.internal.Invoker.invokeTestMethods(Invoker.java:1231)
                        	at org.testng.internal.TestMethodWorker.invokeTestMethods(TestMethodWorker.java:127)
                        	at org.testng.internal.TestMethodWorker.run(TestMethodWorker.java:111)
                        	at org.testng.TestRunner.privateRun(TestRunner.java:767)
                        	at org.testng.TestRunner.run(TestRunner.java:617)
                        	at org.testng.SuiteRunner.runTest(SuiteRunner.java:334)
                        	at org.testng.SuiteRunner.runSequentially(SuiteRunner.java:329)
                        	at org.testng.SuiteRunner.privateRun(SuiteRunner.java:291)
                        	at org.testng.SuiteRunner.run(SuiteRunner.java:240)
                        	at org.testng.SuiteRunnerWorker.runSuite(SuiteRunnerWorker.java:52)
                        	at org.testng.SuiteRunnerWorker.run(SuiteRunnerWorker.java:86)
                        	at org.testng.TestNG.runSuitesSequentially(TestNG.java:1224)
                        	at org.testng.TestNG.runSuitesLocally(TestNG.java:1149)
                        	at org.testng.TestNG.run(TestNG.java:1057)
                        	at org.testng.TestNG.privateMain(TestNG.java:1364)
                        	at org.testng.TestNG.main(TestNG.java:1333)
                     </pre>
                  </div>
               </td>
            </tr>
            <tr id="TestPackage.TestloginApp2_afterTest_byClass_PASS3_row"
                class="testMethodStatusPASS testMethodStatusCONF">
               <td width="100%" class="firstMethodCell">
                  <a onclick="toggleDetailsVisibility('TestPackage.TestloginApp2_afterTest_byClass_PASS3_details')">afterTest()</a>
               </td>
               <td nowrap="true">23:22:18</td>
               <td nowrap="true" align="right">1s
                  
               </td>
               <td nowrap="true">
                   
                  
               </td>
            </tr>
            <tr>
               <td colspan="4" class="detailsBox">
                  <div id="TestPackage.TestloginApp2_afterTest_byClass_PASS3_details"
                       class="testMethodDetails">
                     <div>
                        <b>Name: </b>afterTest
                     </div>
                     <div>
                        <b>Signature: </b>afterTest()[pri:0, instance:TestPackage.TestloginApp2@1517225f]
                     </div>
                     <div>
                        <b>Start time: </b>23:22:18
                     </div>
                     <div>
                        <b>End time: </b>23:22:19
                     </div>
                     <div>
                        <b>Duration: </b>1s
                        
                     </div>
                  </div>
               </td>
            </tr>
            <tr></tr>
         </table>
         <br></br>
      </div>
      <div style="margin-top: 15px; color: gray; text-align: center; font-size: 9px;">
         Generated with
         
         <a href="http://code.google.com/p/testng-xslt/" style="color: #8888aa;"
            target="_blank">
            TestNG XSLT
            
         </a>
      </div>
   </body>
</html>